<?xml version="1.0" encoding="UTF-8" ?>
<testsuite tests="22" failures="0" name="tirahtyo.viisitoistapeli.GameOfFifteenTest" time="0.01" errors="0" skipped="0">
  <properties>
[...]
</properties>
  <testcase classname="tirahtyo.viisitoistapeli.GameOfFifteenTest" name="leftAllowed" time="0.005"/>
  <testcase classname="tirahtyo.viisitoistapeli.GameOfFifteenTest" name="CannotGoDown" time="0"/>
  <testcase classname="tirahtyo.viisitoistapeli.GameOfFifteenTest" name="CannotGoLeft" time="0"/>
  <testcase classname="tirahtyo.viisitoistapeli.GameOfFifteenTest" name="isSolvedReturnsFalseWhenNotSolved" time="0"/>
  <testcase classname="tirahtyo.viisitoistapeli.GameOfFifteenTest" name="findBlankWorks" time="0"/>
  <testcase classname="tirahtyo.viisitoistapeli.GameOfFifteenTest" name="inversionsCountsCorrectlyOne" time="0.001"/>
  <testcase classname="tirahtyo.viisitoistapeli.GameOfFifteenTest" name="inversionsCountsCorrectlyTwo" time="0"/>
  <testcase classname="tirahtyo.viisitoistapeli.GameOfFifteenTest" name="downAllowed" time="0"/>
  <testcase classname="tirahtyo.viisitoistapeli.GameOfFifteenTest" name="isSolvableReturnsTrueWhenGridIsSolvable3" time="0"/>
  <testcase classname="tirahtyo.viisitoistapeli.GameOfFifteenTest" name="isSolvedReturnsTrueWhenSolved" time="0.001"/>
  <testcase classname="tirahtyo.viisitoistapeli.GameOfFifteenTest" name="CannotGoRight" time="0"/>
  <testcase classname="tirahtyo.viisitoistapeli.GameOfFifteenTest" name="inversionsCountsCorrectlyFour" time="0"/>
  <testcase classname="tirahtyo.viisitoistapeli.GameOfFifteenTest" name="inversionsCountsCorrectlyTree" time="0.001"/>
  <testcase classname="tirahtyo.viisitoistapeli.GameOfFifteenTest" name="isSolvableReturnsFalseWhenNotSolvable" time="0"/>
  <testcase classname="tirahtyo.viisitoistapeli.GameOfFifteenTest" name="CannotGoUp" time="0"/>
  <testcase classname="tirahtyo.viisitoistapeli.GameOfFifteenTest" name="rightAllowed" time="0.001"/>
  <testcase classname="tirahtyo.viisitoistapeli.GameOfFifteenTest" name="isSolvableReturnTrueWhenGridIsSolvable1" time="0"/>
  <testcase classname="tirahtyo.viisitoistapeli.GameOfFifteenTest" name="isSolvableReturnTrueWhenGridIsSolvable2" time="0.001"/>
  <testcase classname="tirahtyo.viisitoistapeli.GameOfFifteenTest" name="blankNotFound" time="0"/>
  <testcase classname="tirahtyo.viisitoistapeli.GameOfFifteenTest" name="upAllowed" time="0"/>
  <testcase classname="tirahtyo.viisitoistapeli.GameOfFifteenTest" name="isSolvedWorks" time="0"/>
  <testcase classname="tirahtyo.viisitoistapeli.GameOfFifteenTest" name="shuffle" time="0"/>
</testsuite>